00:19:51 DEBUG : Logs will be stored at 'C:/Users/falli/385/lab6_1/workspace/IDE.log'.
00:19:56 INFO  : Launching XSCT server: xsct.bat -n  -interactive C:\Users\falli\385\lab6_1\workspace\temp_xsdb_launch_script.tcl
00:19:56 INFO  : Platform repository initialization has completed.
00:19:57 INFO  : Registering command handlers for Vitis TCF services
00:20:04 INFO  : XSCT server has started successfully.
00:20:13 INFO  : Successfully done setting XSCT server connection channel  
00:20:13 INFO  : plnx-install-location is set to ''
00:20:13 INFO  : Successfully done query RDI_DATADIR 
00:20:13 INFO  : Successfully done setting workspace for the tool. 
00:57:17 INFO  : Result from executing command 'getProjects': mb_intro_top
00:57:17 INFO  : Result from executing command 'getPlatforms': 
00:57:17 WARN  : An unexpected exception occurred in the module 'platform project logging'
00:57:17 INFO  : Platform 'mb_intro_top' is added to custom repositories.
00:57:20 INFO  : Platform 'mb_intro_top' is added to custom repositories.
14:09:47 INFO  : Result from executing command 'getProjects': mb_intro_top
14:09:47 INFO  : Result from executing command 'getPlatforms': mb_intro_top|C:/Users/falli/385/lab6_1/workspace/mb_intro_top/export/mb_intro_top/mb_intro_top.xpfm
14:09:47 INFO  : Checking for BSP changes to sync application flags for project 'mb_blink'...
14:14:55 INFO  : Checking for BSP changes to sync application flags for project 'mb_blink'...
14:26:21 INFO  : Connected to target on host '127.0.0.1' and port '3121'.
14:26:40 INFO  : ----------------XSDB Script----------------
connect -url tcp:127.0.0.1:3121
----------------End of Script----------------

14:26:40 ERROR : Could not find FPGA device on the board for connection 'Local'.


Troubleshooting hints:
1. Check whether board is connected to system properly.
2. In case of zynq board, check whether Digilent/Xilinx cable switch settings are correct.
3. If you are using Xilinx Platform Cable USB, ensure that status LED is green.
14:27:45 INFO  : Connected to target on host '127.0.0.1' and port '3121'.
14:27:45 INFO  : Jtag cable 'RealDigital Boo 887100000011A' is selected.
14:27:45 INFO  : 'jtag frequency' command is executed.
14:27:46 INFO  : 'targets -set -filter {jtag_cable_name =~ "RealDigital Boo 887100000011A" && level==0 && jtag_device_ctx=="jsn1-0362f093-0"}' command is executed.
14:27:47 INFO  : Device configured successfully with "C:/Users/falli/385/lab6_1/workspace/mb_blink/_ide/bitstream/mb_intro_top.bit"
14:27:47 INFO  : Context for processor 'microblaze_0' is selected.
14:27:47 INFO  : Hardware design and registers information is loaded from 'C:/Users/falli/385/lab6_1/workspace/mb_intro_top/export/mb_intro_top/hw/mb_intro_top.xsa'.
14:27:47 INFO  : 'configparams mdm-detect-bscan-mask 2' command is executed.
14:27:47 INFO  : Context for processor 'microblaze_0' is selected.
14:27:47 INFO  : System reset is completed.
14:27:50 INFO  : 'after 3000' command is executed.
14:27:50 INFO  : Context for processor 'microblaze_0' is selected.
14:27:50 INFO  : The application 'C:/Users/falli/385/lab6_1/workspace/mb_blink/Debug/mb_blink.elf' is downloaded to processor 'microblaze_0'.
14:27:50 INFO  : ----------------XSDB Script----------------
connect -url tcp:127.0.0.1:3121
targets -set -filter {jtag_cable_name =~ "RealDigital Boo 887100000011A" && level==0 && jtag_device_ctx=="jsn1-0362f093-0"}
fpga -file C:/Users/falli/385/lab6_1/workspace/mb_blink/_ide/bitstream/mb_intro_top.bit
targets -set -nocase -filter {name =~ "*microblaze*#0" && bscan=="USER2" }
loadhw -hw C:/Users/falli/385/lab6_1/workspace/mb_intro_top/export/mb_intro_top/hw/mb_intro_top.xsa -regs
configparams mdm-detect-bscan-mask 2
targets -set -nocase -filter {name =~ "*microblaze*#0" && bscan=="USER2" }
rst -system
after 3000
targets -set -nocase -filter {name =~ "*microblaze*#0" && bscan=="USER2" }
dow C:/Users/falli/385/lab6_1/workspace/mb_blink/Debug/mb_blink.elf
----------------End of Script----------------

14:27:50 INFO  : Context for processor 'microblaze_0' is selected.
14:27:50 INFO  : 'con' command is executed.
14:27:50 INFO  : ----------------XSDB Script (After Launch)----------------
targets -set -nocase -filter {name =~ "*microblaze*#0" && bscan=="USER2" }
con
----------------End of Script----------------

14:27:50 INFO  : Disconnected from the channel tcfchan#2.
12:31:42 INFO  : Hardware specification for platform project 'mb_intro_top' is updated.
15:20:32 DEBUG : Logs will be stored at 'C:/Users/falli/385/lab6_1/workspace/IDE.log'.
15:20:33 INFO  : Launching XSCT server: xsct.bat -n  -interactive C:\Users\falli\385\lab6_1\workspace\temp_xsdb_launch_script.tcl
15:20:38 INFO  : Platform repository initialization has completed.
15:20:38 INFO  : Registering command handlers for Vitis TCF services
15:20:40 INFO  : XSCT server has started successfully.
15:20:40 INFO  : Successfully done setting XSCT server connection channel  
15:20:49 INFO  : plnx-install-location is set to ''
15:20:49 INFO  : Successfully done setting workspace for the tool. 
15:20:49 INFO  : Successfully done query RDI_DATADIR 
10:39:48 DEBUG : Logs will be stored at 'C:/Users/falli/385/lab6_1/workspace/IDE.log'.
10:39:50 INFO  : Launching XSCT server: xsct.bat -n  -interactive C:\Users\falli\385\lab6_1\workspace\temp_xsdb_launch_script.tcl
10:39:55 INFO  : Platform repository initialization has completed.
10:39:56 INFO  : Registering command handlers for Vitis TCF services
10:39:58 INFO  : XSCT server has started successfully.
10:40:08 INFO  : Successfully done setting XSCT server connection channel  
10:40:08 INFO  : plnx-install-location is set to ''
10:40:08 INFO  : Successfully done query RDI_DATADIR 
10:40:08 INFO  : Successfully done setting workspace for the tool. 
21:36:22 DEBUG : Logs will be stored at 'C:/Users/falli/385/lab6_1/workspace/IDE.log'.
21:36:24 INFO  : Launching XSCT server: xsct.bat -n  -interactive C:\Users\falli\385\lab6_1\workspace\temp_xsdb_launch_script.tcl
21:36:28 INFO  : Platform repository initialization has completed.
21:36:28 INFO  : Registering command handlers for Vitis TCF services
21:36:32 INFO  : XSCT server has started successfully.
21:36:32 INFO  : plnx-install-location is set to ''
21:36:40 INFO  : Successfully done setting XSCT server connection channel  
21:36:40 INFO  : Successfully done query RDI_DATADIR 
21:36:40 INFO  : Successfully done setting workspace for the tool. 
